This is pdfTeX, Version 3.1415926-2.5-1.40.14 (TeX Live 2013/Debian) (format=pdflatex 2019.7.22)  22 JUL 2019 11:55
entering extended mode
 restricted \write18 enabled.
 %&-line parsing enabled.
**lol.tex
(./lol.tex
LaTeX2e <2011/06/27>
Babel <3.9h> and hyphenation patterns for 2 languages loaded.

! LaTeX Error: Missing \begin{document}.

See the LaTeX manual or LaTeX Companion for explanation.
Type  H <return>  for immediate help.
 ...                                              
                                                  
l.1 –
     ö–æ–Ω—Ç–∞–∫—Ç—ã
? 
Missing character: There is no – in font nullfont!
Missing character: There is no ö in font nullfont!
Missing character: There is no – in font nullfont!
Missing character: There is no æ in font nullfont!
Missing character: There is no – in font nullfont!
Missing character: There is no Ω in font nullfont!
Missing character: There is no — in font nullfont!
Missing character: There is no Ç in font nullfont!
Missing character: There is no – in font nullfont!
Missing character: There is no ∞ in font nullfont!
Missing character: There is no – in font nullfont!
Missing character: There is no ∫ in font nullfont!
Missing character: There is no — in font nullfont!
Missing character: There is no Ç in font nullfont!
Missing character: There is no — in font nullfont!
Missing character: There is no ã in font nullfont!
Missing character: There is no 1 in font nullfont!
Missing character: There is no 8 in font nullfont!
Missing character: There is no + in font nullfont!
Missing character: There is no – in font nullfont!
Missing character: There is no ï in font nullfont!
Missing character: There is no — in font nullfont!
Missing character: There is no Å in font nullfont!
Missing character: There is no – in font nullfont!
Missing character: There is no ª in font nullfont!
Missing character: There is no – in font nullfont!
Missing character: There is no ∏ in font nullfont!
Missing character: There is no — in font nullfont!
Missing character: There is no Ç in font nullfont!
Missing character: There is no – in font nullfont!
Missing character: There is no µ in font nullfont!
Missing character: There is no – in font nullfont!
Missing character: There is no ± in font nullfont!
Missing character: There is no – in font nullfont!
Missing character: There is no µ in font nullfont!
Missing character: There is no – in font nullfont!
Missing character: There is no Ω in font nullfont!
Missing character: There is no — in font nullfont!
Missing character: There is no Ä in font nullfont!
Missing character: There is no – in font nullfont!
Missing character: There is no ∞ in font nullfont!
Missing character: There is no – in font nullfont!
Missing character: There is no ≤ in font nullfont!
Missing character: There is no – in font nullfont!
Missing character: There is no ∏ in font nullfont!
Missing character: There is no — in font nullfont!
Missing character: There is no Ç in font nullfont!
Missing character: There is no — in font nullfont!
Missing character: There is no Å in font nullfont!
Missing character: There is no — in font nullfont!
Missing character: There is no è in font nullfont!
Missing character: There is no — in font nullfont!
Missing character: There is no ç in font nullfont!
Missing character: There is no — in font nullfont!
Missing character: There is no Ç in font nullfont!
Missing character: There is no – in font nullfont!
Missing character: There is no æ in font nullfont!
Missing character: There is no — in font nullfont!
Missing character: There is no Ç in font nullfont!
Missing character: There is no — in font nullfont!
Missing character: There is no Ç in font nullfont!
Missing character: There is no — in font nullfont!
Missing character: There is no Ä in font nullfont!
Missing character: There is no – in font nullfont!
Missing character: There is no µ in font nullfont!
Missing character: There is no – in font nullfont!
Missing character: There is no Ω in font nullfont!
Missing character: There is no – in font nullfont!
Missing character: There is no ∏ in font nullfont!
Missing character: There is no – in font nullfont!
Missing character: There is no Ω in font nullfont!
Missing character: There is no – in font nullfont!
Missing character: There is no ≥ in font nullfont!
Missing character: There is no , in font nullfont!
Missing character: There is no – in font nullfont!
Missing character: There is no Ω in font nullfont!
Missing character: There is no – in font nullfont!
Missing character: There is no ∞ in font nullfont!
Missing character: There is no – in font nullfont!
Missing character: There is no ∂ in font nullfont!
Missing character: There is no – in font nullfont!
Missing character: There is no º in font nullfont!
Missing character: There is no – in font nullfont!
Missing character: There is no ∏ in font nullfont!
Missing character: There is no : in font nullfont!

Overfull \hbox (20.0pt too wide) in paragraph at lines 1--4
[]
 []


! LaTeX Error: Missing \begin{document}.

See the LaTeX manual or LaTeX Companion for explanation.
Type  H <return>  for immediate help.
 ...                                              
                                                  
l.5 –
     ¢—Ä–µ–Ω–∏–Ω–≥–∏
? 
Missing character: There is no – in font nullfont!
Missing character: There is no ¢ in font nullfont!
Missing character: There is no — in font nullfont!
Missing character: There is no Ä in font nullfont!
Missing character: There is no – in font nullfont!
Missing character: There is no µ in font nullfont!
Missing character: There is no – in font nullfont!
Missing character: There is no Ω in font nullfont!
Missing character: There is no – in font nullfont!
Missing character: There is no ∏ in font nullfont!
Missing character: There is no – in font nullfont!
Missing character: There is no Ω in font nullfont!
Missing character: There is no – in font nullfont!
Missing character: There is no ≥ in font nullfont!
Missing character: There is no – in font nullfont!
Missing character: There is no ∏ in font nullfont!
Missing character: There is no – in font nullfont!
Missing character: There is no ∫ in font nullfont!
Missing character: There is no — in font nullfont!
Missing character: There is no Å in font nullfont!
Missing character: There is no – in font nullfont!
Missing character: There is no ø in font nullfont!
Missing character: There is no – in font nullfont!
Missing character: There is no ∏ in font nullfont!
Missing character: There is no — in font nullfont!
Missing character: There is no Å in font nullfont!
Missing character: There is no – in font nullfont!
Missing character: There is no ∫ in font nullfont!
Missing character: There is no — in font nullfont!
Missing character: There is no É in font nullfont!
Missing character: There is no – in font nullfont!
Missing character: There is no ≤ in font nullfont!
Missing character: There is no — in font nullfont!
Missing character: There is no Å in font nullfont!
Missing character: There is no – in font nullfont!
Missing character: There is no µ in font nullfont!
Missing character: There is no — in font nullfont!
Missing character: There is no Ö in font nullfont!
Missing character: There is no — in font nullfont!
Missing character: There is no Ç in font nullfont!
Missing character: There is no — in font nullfont!
Missing character: There is no Ä in font nullfont!
Missing character: There is no – in font nullfont!
Missing character: There is no µ in font nullfont!
Missing character: There is no – in font nullfont!
Missing character: There is no Ω in font nullfont!
Missing character: There is no – in font nullfont!
Missing character: There is no ∏ in font nullfont!
Missing character: There is no – in font nullfont!
Missing character: There is no Ω in font nullfont!
Missing character: There is no – in font nullfont!
Missing character: There is no ≥ in font nullfont!
Missing character: There is no – in font nullfont!
Missing character: There is no æ in font nullfont!
Missing character: There is no – in font nullfont!
Missing character: There is no ≤ in font nullfont!

Overfull \hbox (20.0pt too wide) in paragraph at lines 5--7
[]
 []


! LaTeX Error: Missing \begin{document}.

See the LaTeX manual or LaTeX Companion for explanation.
Type  H <return>  for immediate help.
 ...                                              
                                                  
l.8 –
     õ—é–±–æ–π —Å–æ–±–ª–∞–∑–Ω–∏—Ç–µ–ª—å –∑–Ω–∞–µ—Ç, —á—Ç–æ –†–ú–≠–°-–ú–∞—Å—Ç...

? 
Missing character: There is no – in font nullfont!
Missing character: There is no õ in font nullfont!
Missing character: There is no — in font nullfont!
Missing character: There is no é in font nullfont!
Missing character: There is no – in font nullfont!
Missing character: There is no ± in font nullfont!
Missing character: There is no – in font nullfont!
Missing character: There is no æ in font nullfont!
Missing character: There is no – in font nullfont!
Missing character: There is no π in font nullfont!
Missing character: There is no — in font nullfont!
Missing character: There is no Å in font nullfont!
Missing character: There is no – in font nullfont!
Missing character: There is no æ in font nullfont!
Missing character: There is no – in font nullfont!
Missing character: There is no ± in font nullfont!
Missing character: There is no – in font nullfont!
Missing character: There is no ª in font nullfont!
Missing character: There is no – in font nullfont!
Missing character: There is no ∞ in font nullfont!
Missing character: There is no – in font nullfont!
Missing character: There is no ∑ in font nullfont!
Missing character: There is no – in font nullfont!
Missing character: There is no Ω in font nullfont!
Missing character: There is no – in font nullfont!
Missing character: There is no ∏ in font nullfont!
Missing character: There is no — in font nullfont!
Missing character: There is no Ç in font nullfont!
Missing character: There is no – in font nullfont!
Missing character: There is no µ in font nullfont!
Missing character: There is no – in font nullfont!
Missing character: There is no ª in font nullfont!
Missing character: There is no — in font nullfont!
Missing character: There is no å in font nullfont!
Missing character: There is no – in font nullfont!
Missing character: There is no ∑ in font nullfont!
Missing character: There is no – in font nullfont!
Missing character: There is no Ω in font nullfont!
Missing character: There is no – in font nullfont!
Missing character: There is no ∞ in font nullfont!
Missing character: There is no – in font nullfont!
Missing character: There is no µ in font nullfont!
Missing character: There is no — in font nullfont!
Missing character: There is no Ç in font nullfont!
Missing character: There is no , in font nullfont!
Missing character: There is no — in font nullfont!
Missing character: There is no á in font nullfont!
Missing character: There is no — in font nullfont!
Missing character: There is no Ç in font nullfont!
Missing character: There is no – in font nullfont!
Missing character: There is no æ in font nullfont!
Missing character: There is no – in font nullfont!
Missing character: There is no † in font nullfont!
Missing character: There is no – in font nullfont!
Missing character: There is no ú in font nullfont!
Missing character: There is no – in font nullfont!
Missing character: There is no ≠ in font nullfont!
Missing character: There is no – in font nullfont!
Missing character: There is no ° in font nullfont!
Missing character: There is no - in font nullfont!
Missing character: There is no – in font nullfont!
Missing character: There is no ú in font nullfont!
Missing character: There is no – in font nullfont!
Missing character: There is no ∞ in font nullfont!
Missing character: There is no — in font nullfont!
Missing character: There is no Å in font nullfont!
Missing character: There is no — in font nullfont!
Missing character: There is no Ç in font nullfont!
Missing character: There is no – in font nullfont!
Missing character: There is no µ in font nullfont!
Missing character: There is no — in font nullfont!
Missing character: There is no Ä in font nullfont!
Missing character: There is no ‚ in font nullfont!
Missing character: There is no Ä in font nullfont!
Missing character: There is no ì in font nullfont!
Missing character: There is no – in font nullfont!
Missing character: There is no ª in font nullfont!
Missing character: There is no — in font nullfont!
Missing character: There is no É in font nullfont!
Missing character: There is no — in font nullfont!
Missing character: There is no á in font nullfont!
Missing character: There is no — in font nullfont!
Missing character: There is no à in font nullfont!
Missing character: There is no – in font nullfont!
Missing character: There is no ∏ in font nullfont!
Missing character: There is no – in font nullfont!
Missing character: There is no π in font nullfont!
Missing character: There is no – in font nullfont!
Missing character: There is no ≤ in font nullfont!
Missing character: There is no – in font nullfont!
Missing character: There is no † in font nullfont!
Missing character: There is no – in font nullfont!
Missing character: There is no æ in font nullfont!
Missing character: There is no — in font nullfont!
Missing character: There is no Å in font nullfont!
Missing character: There is no — in font nullfont!
Missing character: There is no Å in font nullfont!
Missing character: There is no – in font nullfont!
Missing character: There is no ∏ in font nullfont!
Missing character: There is no – in font nullfont!
Missing character: There is no ∏ in font nullfont!
Missing character: There is no — in font nullfont!
Missing character: There is no Ç in font nullfont!
Missing character: There is no — in font nullfont!
Missing character: There is no Ä in font nullfont!
Missing character: There is no – in font nullfont!
Missing character: There is no µ in font nullfont!
Missing character: There is no – in font nullfont!
Missing character: There is no Ω in font nullfont!
Missing character: There is no – in font nullfont!
Missing character: There is no ∏ in font nullfont!
Missing character: There is no – in font nullfont!
Missing character: There is no Ω in font nullfont!
Missing character: There is no – in font nullfont!
Missing character: There is no ≥ in font nullfont!
Missing character: There is no – in font nullfont!
Missing character: There is no ø in font nullfont!
Missing character: There is no – in font nullfont!
Missing character: There is no æ in font nullfont!
Missing character: There is no ¬ in font nullfont!
Missing character: There is no ´ in font nullfont!
Missing character: There is no – in font nullfont!
Missing character: There is no ø in font nullfont!
Missing character: There is no — in font nullfont!
Missing character: There is no Ä in font nullfont!
Missing character: There is no – in font nullfont!
Missing character: There is no æ in font nullfont!
Missing character: There is no – in font nullfont!
Missing character: There is no ¥ in font nullfont!
Missing character: There is no – in font nullfont!
Missing character: There is no ≤ in font nullfont!
Missing character: There is no – in font nullfont!
Missing character: There is no ∏ in font nullfont!
Missing character: There is no – in font nullfont!
Missing character: There is no Ω in font nullfont!
Missing character: There is no — in font nullfont!
Missing character: There is no É in font nullfont!
Missing character: There is no — in font nullfont!
Missing character: There is no Ç in font nullfont!
Missing character: There is no – in font nullfont!
Missing character: There is no æ in font nullfont!
Missing character: There is no – in font nullfont!
Missing character: There is no º in font nullfont!
Missing character: There is no — in font nullfont!
Missing character: There is no É in font nullfont!
Missing character: There is no ¬ in font nullfont!
Missing character: There is no ª in font nullfont!
Missing character: There is no — in font nullfont!
Missing character: There is no Å in font nullfont!
Missing character: There is no – in font nullfont!
Missing character: There is no æ in font nullfont!
Missing character: There is no – in font nullfont!
Missing character: There is no ± in font nullfont!
Missing character: There is no – in font nullfont!
Missing character: There is no ª in font nullfont!
Missing character: There is no – in font nullfont!
Missing character: There is no ∞ in font nullfont!
Missing character: There is no – in font nullfont!
Missing character: There is no ∑ in font nullfont!
Missing character: There is no – in font nullfont!
Missing character: There is no Ω in font nullfont!
Missing character: There is no – in font nullfont!
Missing character: There is no µ in font nullfont!
Missing character: There is no – in font nullfont!
Missing character: There is no Ω in font nullfont!
Missing character: There is no – in font nullfont!
Missing character: There is no ∏ in font nullfont!
Missing character: There is no — in font nullfont!
Missing character: There is no é in font nullfont!
Missing character: There is no – in font nullfont!
Missing character: There is no ∂ in font nullfont!
Missing character: There is no – in font nullfont!
Missing character: There is no µ in font nullfont!
Missing character: There is no – in font nullfont!
Missing character: There is no Ω in font nullfont!
Missing character: There is no — in font nullfont!
Missing character: There is no â in font nullfont!
Missing character: There is no – in font nullfont!
Missing character: There is no ∏ in font nullfont!
Missing character: There is no – in font nullfont!
Missing character: There is no Ω in font nullfont!
Missing character: There is no – in font nullfont!
Missing character: There is no Ω in font nullfont!
Missing character: There is no – in font nullfont!
Missing character: There is no ∞ in font nullfont!
Missing character: There is no — in font nullfont!
Missing character: There is no Å in font nullfont!
Missing character: There is no – in font nullfont!
Missing character: There is no µ in font nullfont!
Missing character: There is no – in font nullfont!
Missing character: There is no ≥ in font nullfont!
Missing character: There is no – in font nullfont!
Missing character: There is no æ in font nullfont!
Missing character: There is no – in font nullfont!
Missing character: There is no ¥ in font nullfont!
Missing character: There is no – in font nullfont!
Missing character: There is no Ω in font nullfont!
Missing character: There is no — in font nullfont!
Missing character: There is no è in font nullfont!
Missing character: There is no — in font nullfont!
Missing character: There is no à in font nullfont!
Missing character: There is no – in font nullfont!
Missing character: There is no Ω in font nullfont!
Missing character: There is no – in font nullfont!
Missing character: There is no ∏ in font nullfont!
Missing character: There is no – in font nullfont!
Missing character: There is no π in font nullfont!
Missing character: There is no – in font nullfont!
Missing character: There is no ¥ in font nullfont!
Missing character: There is no – in font nullfont!
Missing character: There is no µ in font nullfont!
Missing character: There is no – in font nullfont!
Missing character: There is no Ω in font nullfont!
Missing character: There is no — in font nullfont!
Missing character: There is no å in font nullfont!
Missing character: There is no ! in font nullfont!

Overfull \hbox (20.0pt too wide) in paragraph at lines 8--9
[]
 []


! LaTeX Error: Missing \begin{document}.

See the LaTeX manual or LaTeX Companion for explanation.
Type  H <return>  for immediate help.
 ...                                              
                                                  
l.10 –
      £–Ω–∏–∫–∞–ª—å–Ω—ã–π –∏ –ø–æ—Ç—Ä—è—Å–∞—é—â–∏–π —Ç—Ä–µ–Ω–∏–Ω–≥, –¥–ª—è –...

? 
Missing character: There is no – in font nullfont!
Missing character: There is no £ in font nullfont!
Missing character: There is no – in font nullfont!
Missing character: There is no Ω in font nullfont!
Missing character: There is no – in font nullfont!
Missing character: There is no ∏ in font nullfont!
Missing character: There is no – in font nullfont!
Missing character: There is no ∫ in font nullfont!
Missing character: There is no – in font nullfont!
Missing character: There is no ∞ in font nullfont!
Missing character: There is no – in font nullfont!
Missing character: There is no ª in font nullfont!
Missing character: There is no — in font nullfont!
Missing character: There is no å in font nullfont!
Missing character: There is no – in font nullfont!
Missing character: There is no Ω in font nullfont!
Missing character: There is no — in font nullfont!
Missing character: There is no ã in font nullfont!
Missing character: There is no – in font nullfont!
Missing character: There is no π in font nullfont!
Missing character: There is no – in font nullfont!
Missing character: There is no ∏ in font nullfont!
Missing character: There is no – in font nullfont!
Missing character: There is no ø in font nullfont!
Missing character: There is no – in font nullfont!
Missing character: There is no æ in font nullfont!
Missing character: There is no — in font nullfont!
Missing character: There is no Ç in font nullfont!
Missing character: There is no — in font nullfont!
Missing character: There is no Ä in font nullfont!
Missing character: There is no — in font nullfont!
Missing character: There is no è in font nullfont!
Missing character: There is no — in font nullfont!
Missing character: There is no Å in font nullfont!
Missing character: There is no – in font nullfont!
Missing character: There is no ∞ in font nullfont!
Missing character: There is no — in font nullfont!
Missing character: There is no é in font nullfont!
Missing character: There is no — in font nullfont!
Missing character: There is no â in font nullfont!
Missing character: There is no – in font nullfont!
Missing character: There is no ∏ in font nullfont!
Missing character: There is no – in font nullfont!
Missing character: There is no π in font nullfont!
Missing character: There is no — in font nullfont!
Missing character: There is no Ç in font nullfont!
Missing character: There is no — in font nullfont!
Missing character: There is no Ä in font nullfont!
Missing character: There is no – in font nullfont!
Missing character: There is no µ in font nullfont!
Missing character: There is no – in font nullfont!
Missing character: There is no Ω in font nullfont!
Missing character: There is no – in font nullfont!
Missing character: There is no ∏ in font nullfont!
Missing character: There is no – in font nullfont!
Missing character: There is no Ω in font nullfont!
Missing character: There is no – in font nullfont!
Missing character: There is no ≥ in font nullfont!
Missing character: There is no , in font nullfont!
Missing character: There is no – in font nullfont!
Missing character: There is no ¥ in font nullfont!
Missing character: There is no – in font nullfont!
Missing character: There is no ª in font nullfont!
Missing character: There is no — in font nullfont!
Missing character: There is no è in font nullfont!
Missing character: There is no – in font nullfont!
Missing character: There is no ø in font nullfont!
Missing character: There is no — in font nullfont!
Missing character: There is no Ä in font nullfont!
Missing character: There is no – in font nullfont!
Missing character: There is no æ in font nullfont!
Missing character: There is no — in font nullfont!
Missing character: There is no Ö in font nullfont!
Missing character: There is no – in font nullfont!
Missing character: There is no æ in font nullfont!
Missing character: There is no – in font nullfont!
Missing character: There is no ∂ in font nullfont!
Missing character: There is no – in font nullfont!
Missing character: There is no ¥ in font nullfont!
Missing character: There is no – in font nullfont!
Missing character: There is no µ in font nullfont!
Missing character: There is no – in font nullfont!
Missing character: There is no Ω in font nullfont!
Missing character: There is no – in font nullfont!
Missing character: There is no ∏ in font nullfont!
Missing character: There is no — in font nullfont!
Missing character: There is no è in font nullfont!
Missing character: There is no – in font nullfont!
Missing character: There is no ∫ in font nullfont!
Missing character: There is no – in font nullfont!
Missing character: There is no æ in font nullfont!
Missing character: There is no — in font nullfont!
Missing character: There is no Ç in font nullfont!
Missing character: There is no – in font nullfont!
Missing character: There is no æ in font nullfont!
Missing character: There is no — in font nullfont!
Missing character: There is no Ä in font nullfont!
Missing character: There is no – in font nullfont!
Missing character: There is no æ in font nullfont!
Missing character: There is no – in font nullfont!
Missing character: There is no ≥ in font nullfont!
Missing character: There is no – in font nullfont!
Missing character: There is no æ in font nullfont!
Missing character: There is no , in font nullfont!
Missing character: There is no – in font nullfont!
Missing character: There is no º in font nullfont!
Missing character: There is no – in font nullfont!
Missing character: There is no Ω in font nullfont!
Missing character: There is no – in font nullfont!
Missing character: There is no æ in font nullfont!
Missing character: There is no – in font nullfont!
Missing character: There is no ≥ in font nullfont!
Missing character: There is no – in font nullfont!
Missing character: There is no ∏ in font nullfont!
Missing character: There is no – in font nullfont!
Missing character: There is no µ in font nullfont!
Missing character: There is no – in font nullfont!
Missing character: There is no ø in font nullfont!
Missing character: There is no – in font nullfont!
Missing character: There is no ∞ in font nullfont!
Missing character: There is no — in font nullfont!
Missing character: There is no Ä in font nullfont!
Missing character: There is no – in font nullfont!
Missing character: There is no Ω in font nullfont!
Missing character: There is no – in font nullfont!
Missing character: There is no ∏ in font nullfont!
Missing character: There is no – in font nullfont!
Missing character: There is no µ in font nullfont!
Missing character: There is no – in font nullfont!
Missing character: There is no ∑ in font nullfont!
Missing character: There is no – in font nullfont!
Missing character: There is no ¥ in font nullfont!
Missing character: There is no – in font nullfont!
Missing character: There is no ∏ in font nullfont!
Missing character: There is no – in font nullfont!
Missing character: There is no ª in font nullfont!
Missing character: There is no – in font nullfont!
Missing character: There is no ∏ in font nullfont!
Missing character: There is no – in font nullfont!
Missing character: There is no ≤ in font nullfont!
Missing character: There is no – in font nullfont!
Missing character: There is no ¥ in font nullfont!
Missing character: There is no — in font nullfont!
Missing character: There is no Ä in font nullfont!
Missing character: There is no — in font nullfont!
Missing character: There is no É in font nullfont!
Missing character: There is no – in font nullfont!
Missing character: There is no ≥ in font nullfont!
Missing character: There is no – in font nullfont!
Missing character: There is no ∏ in font nullfont!
Missing character: There is no – in font nullfont!
Missing character: There is no µ in font nullfont!
Missing character: There is no – in font nullfont!
Missing character: There is no ≥ in font nullfont!
Missing character: There is no – in font nullfont!
Missing character: There is no æ in font nullfont!
Missing character: There is no — in font nullfont!
Missing character: There is no Ä in font nullfont!
Missing character: There is no – in font nullfont!
Missing character: There is no æ in font nullfont!
Missing character: There is no – in font nullfont!
Missing character: There is no ¥ in font nullfont!
Missing character: There is no – in font nullfont!
Missing character: There is no ∞ in font nullfont!
Missing character: There is no ! in font nullfont!
Missing character: There is no ! in font nullfont!
Missing character: There is no ! in font nullfont!
Missing character: There is no ! in font nullfont!
Missing character: There is no – in font nullfont!
Missing character: There is no ú in font nullfont!
Missing character: There is no – in font nullfont!
Missing character: There is no æ in font nullfont!
Missing character: There is no — in font nullfont!
Missing character: There is no Å in font nullfont!
Missing character: There is no – in font nullfont!
Missing character: There is no ∫ in font nullfont!
Missing character: There is no – in font nullfont!
Missing character: There is no ≤ in font nullfont!
Missing character: There is no – in font nullfont!
Missing character: There is no ∞ in font nullfont!
Missing character: There is no , in font nullfont!
Missing character: There is no – in font nullfont!
Missing character: There is no ü in font nullfont!
Missing character: There is no – in font nullfont!
Missing character: There is no ∏ in font nullfont!
Missing character: There is no — in font nullfont!
Missing character: There is no Ç in font nullfont!
Missing character: There is no – in font nullfont!
Missing character: There is no µ in font nullfont!
Missing character: There is no — in font nullfont!
Missing character: There is no Ä in font nullfont!
Missing character: There is no , in font nullfont!
Missing character: There is no – in font nullfont!
Missing character: There is no † in font nullfont!
Missing character: There is no – in font nullfont!
Missing character: There is no æ in font nullfont!
Missing character: There is no — in font nullfont!
Missing character: There is no Å in font nullfont!
Missing character: There is no — in font nullfont!
Missing character: There is no Ç in font nullfont!
Missing character: There is no – in font nullfont!
Missing character: There is no æ in font nullfont!
Missing character: There is no – in font nullfont!
Missing character: There is no ≤ in font nullfont!
Missing character: There is no , in font nullfont!
Missing character: There is no – in font nullfont!
Missing character: There is no ö in font nullfont!
Missing character: There is no – in font nullfont!
Missing character: There is no ∏ in font nullfont!
Missing character: There is no – in font nullfont!
Missing character: There is no µ in font nullfont!
Missing character: There is no – in font nullfont!
Missing character: There is no ≤ in font nullfont!
Missing character: There is no , in font nullfont!
Missing character: There is no – in font nullfont!
Missing character: There is no ° in font nullfont!
Missing character: There is no – in font nullfont!
Missing character: There is no ∞ in font nullfont!
Missing character: There is no – in font nullfont!
Missing character: There is no º in font nullfont!
Missing character: There is no – in font nullfont!
Missing character: There is no ∞ in font nullfont!
Missing character: There is no — in font nullfont!
Missing character: There is no Ä in font nullfont!
Missing character: There is no – in font nullfont!
Missing character: There is no ∞ in font nullfont!
Missing character: There is no ‚ in font nullfont!
Missing character: There is no Ä in font nullfont!
Missing character: There is no ì in font nullfont!
Missing character: There is no – in font nullfont!
Missing character: There is no ∏ in font nullfont!
Missing character: There is no — in font nullfont!
Missing character: There is no ç in font nullfont!
Missing character: There is no — in font nullfont!
Missing character: There is no Ç in font nullfont!
Missing character: There is no – in font nullfont!
Missing character: There is no æ in font nullfont!
Missing character: There is no – in font nullfont!
Missing character: There is no ¥ in font nullfont!
Missing character: There is no – in font nullfont!
Missing character: There is no ∞ in font nullfont!
Missing character: There is no – in font nullfont!
Missing character: There is no ª in font nullfont!
Missing character: There is no – in font nullfont!
Missing character: There is no µ in font nullfont!
Missing character: There is no – in font nullfont!
Missing character: There is no ∫ in font nullfont!
Missing character: There is no – in font nullfont!
Missing character: There is no æ in font nullfont!
Missing character: There is no – in font nullfont!
Missing character: There is no Ω in font nullfont!
Missing character: There is no – in font nullfont!
Missing character: There is no µ in font nullfont!
Missing character: There is no – in font nullfont!
Missing character: There is no ø in font nullfont!
Missing character: There is no – in font nullfont!
Missing character: There is no æ in font nullfont!
Missing character: There is no – in font nullfont!
Missing character: There is no ª in font nullfont!
Missing character: There is no – in font nullfont!
Missing character: There is no Ω in font nullfont!
Missing character: There is no — in font nullfont!
Missing character: There is no ã in font nullfont!
Missing character: There is no – in font nullfont!
Missing character: There is no π in font nullfont!
Missing character: There is no — in font nullfont!
Missing character: There is no Å in font nullfont!
Missing character: There is no – in font nullfont!
Missing character: There is no ø in font nullfont!
Missing character: There is no – in font nullfont!
Missing character: There is no ∏ in font nullfont!
Missing character: There is no — in font nullfont!
Missing character: There is no Å in font nullfont!
Missing character: There is no – in font nullfont!
Missing character: There is no æ in font nullfont!
Missing character: There is no – in font nullfont!
Missing character: There is no ∫ in font nullfont!
Missing character: There is no – in font nullfont!
Missing character: There is no ≥ in font nullfont!
Missing character: There is no – in font nullfont!
Missing character: There is no æ in font nullfont!
Missing character: There is no — in font nullfont!
Missing character: There is no Ä in font nullfont!
Missing character: There is no – in font nullfont!
Missing character: There is no æ in font nullfont!
Missing character: There is no – in font nullfont!
Missing character: There is no ¥ in font nullfont!
Missing character: There is no – in font nullfont!
Missing character: There is no æ in font nullfont!
Missing character: There is no – in font nullfont!
Missing character: There is no ≤ in font nullfont!
Missing character: There is no , in font nullfont!
Missing character: There is no — in font nullfont!
Missing character: There is no Ä in font nullfont!
Missing character: There is no – in font nullfont!
Missing character: There is no µ in font nullfont!
Missing character: There is no – in font nullfont!
Missing character: There is no ≥ in font nullfont!
Missing character: There is no — in font nullfont!
Missing character: There is no É in font nullfont!
Missing character: There is no – in font nullfont!
Missing character: There is no ª in font nullfont!
Missing character: There is no — in font nullfont!
Missing character: There is no è in font nullfont!
Missing character: There is no — in font nullfont!
Missing character: There is no Ä in font nullfont!
Missing character: There is no – in font nullfont!
Missing character: There is no Ω in font nullfont!
Missing character: There is no – in font nullfont!
Missing character: There is no æ in font nullfont!
Missing character: There is no – in font nullfont!
Missing character: There is no ø in font nullfont!
Missing character: There is no — in font nullfont!
Missing character: There is no Ä in font nullfont!
Missing character: There is no – in font nullfont!
Missing character: There is no ∏ in font nullfont!
Missing character: There is no – in font nullfont!
Missing character: There is no Ω in font nullfont!
Missing character: There is no – in font nullfont!
Missing character: There is no ∏ in font nullfont!
Missing character: There is no – in font nullfont!
Missing character: There is no º in font nullfont!
Missing character: There is no – in font nullfont!
Missing character: There is no ∞ in font nullfont!
Missing character: There is no — in font nullfont!
Missing character: There is no é in font nullfont!
Missing character: There is no — in font nullfont!
Missing character: There is no â in font nullfont!
Missing character: There is no – in font nullfont!
Missing character: There is no ∏ in font nullfont!
Missing character: There is no — in font nullfont!
Missing character: There is no Ö in font nullfont!
Missing character: There is no ¬ in font nullfont!
Missing character: There is no ´ in font nullfont!
Missing character: There is no – in font nullfont!
Missing character: There is no ≥ in font nullfont!
Missing character: There is no – in font nullfont!
Missing character: There is no æ in font nullfont!
Missing character: There is no — in font nullfont!
Missing character: There is no Å in font nullfont!
Missing character: There is no — in font nullfont!
Missing character: There is no Ç in font nullfont!
Missing character: There is no – in font nullfont!
Missing character: There is no µ in font nullfont!
Missing character: There is no – in font nullfont!
Missing character: There is no π in font nullfont!
Missing character: There is no ¬ in font nullfont!
Missing character: There is no ª in font nullfont!
Missing character: There is no – in font nullfont!
Missing character: There is no Ω in font nullfont!
Missing character: There is no – in font nullfont!
Missing character: There is no ∞ in font nullfont!
Missing character: There is no ¬ in font nullfont!
Missing character: There is no ´ in font nullfont!
Missing character: There is no – in font nullfont!
Missing character: There is no † in font nullfont!
Missing character: There is no – in font nullfont!
Missing character: There is no ú in font nullfont!
Missing character: There is no – in font nullfont!
Missing character: There is no ≠ in font nullfont!
Missing character: There is no – in font nullfont!
Missing character: There is no ° in font nullfont!
Missing character: There is no - in font nullfont!
Missing character: There is no – in font nullfont!
Missing character: There is no ú in font nullfont!
Missing character: There is no – in font nullfont!
Missing character: There is no ∞ in font nullfont!
Missing character: There is no — in font nullfont!
Missing character: There is no Å in font nullfont!
Missing character: There is no — in font nullfont!
Missing character: There is no Ç in font nullfont!
Missing character: There is no – in font nullfont!
Missing character: There is no µ in font nullfont!
Missing character: There is no — in font nullfont!
Missing character: There is no Ä in font nullfont!
Missing character: There is no ¬ in font nullfont!
Missing character: There is no ª in font nullfont!
Missing character: There is no . in font nullfont!

Overfull \hbox (20.0pt too wide) in paragraph at lines 10--11
[]
 []


! LaTeX Error: Missing \begin{document}.

See the LaTeX manual or LaTeX Companion for explanation.
Type  H <return>  for immediate help.
 ...                                              
                                                  
l.12 –
      ò —Å–µ–≥–æ–¥–Ω—è —É –≤–∞—Å –µ—Å—Ç—å –∑–∞–º–µ—á–∞—Ç–µ–ª—å–Ω–∞—è –≤–æ–∑–...

? 
Missing character: There is no – in font nullfont!
Missing character: There is no ò in font nullfont!
Missing character: There is no — in font nullfont!
Missing character: There is no Å in font nullfont!
Missing character: There is no – in font nullfont!
Missing character: There is no µ in font nullfont!
Missing character: There is no – in font nullfont!
Missing character: There is no ≥ in font nullfont!
Missing character: There is no – in font nullfont!
Missing character: There is no æ in font nullfont!
Missing character: There is no – in font nullfont!
Missing character: There is no ¥ in font nullfont!
Missing character: There is no – in font nullfont!
Missing character: There is no Ω in font nullfont!
Missing character: There is no — in font nullfont!
Missing character: There is no è in font nullfont!
Missing character: There is no — in font nullfont!
Missing character: There is no É in font nullfont!
Missing character: There is no – in font nullfont!
Missing character: There is no ≤ in font nullfont!
Missing character: There is no – in font nullfont!
Missing character: There is no ∞ in font nullfont!
Missing character: There is no — in font nullfont!
Missing character: There is no Å in font nullfont!
Missing character: There is no – in font nullfont!
Missing character: There is no µ in font nullfont!
Missing character: There is no — in font nullfont!
Missing character: There is no Å in font nullfont!
Missing character: There is no — in font nullfont!
Missing character: There is no Ç in font nullfont!
Missing character: There is no — in font nullfont!
Missing character: There is no å in font nullfont!
Missing character: There is no – in font nullfont!
Missing character: There is no ∑ in font nullfont!
Missing character: There is no – in font nullfont!
Missing character: There is no ∞ in font nullfont!
Missing character: There is no – in font nullfont!
Missing character: There is no º in font nullfont!
Missing character: There is no – in font nullfont!
Missing character: There is no µ in font nullfont!
Missing character: There is no — in font nullfont!
Missing character: There is no á in font nullfont!
Missing character: There is no – in font nullfont!
Missing character: There is no ∞ in font nullfont!
Missing character: There is no — in font nullfont!
Missing character: There is no Ç in font nullfont!
Missing character: There is no – in font nullfont!
Missing character: There is no µ in font nullfont!
Missing character: There is no – in font nullfont!
Missing character: There is no ª in font nullfont!
Missing character: There is no — in font nullfont!
Missing character: There is no å in font nullfont!
Missing character: There is no – in font nullfont!
Missing character: There is no Ω in font nullfont!
Missing character: There is no – in font nullfont!
Missing character: There is no ∞ in font nullfont!
Missing character: There is no — in font nullfont!
Missing character: There is no è in font nullfont!
Missing character: There is no – in font nullfont!
Missing character: There is no ≤ in font nullfont!
Missing character: There is no – in font nullfont!
Missing character: There is no æ in font nullfont!
Missing character: There is no – in font nullfont!
Missing character: There is no ∑ in font nullfont!
Missing character: There is no – in font nullfont!
Missing character: There is no º in font nullfont!
Missing character: There is no – in font nullfont!
Missing character: There is no æ in font nullfont!
Missing character: There is no – in font nullfont!
Missing character: There is no ∂ in font nullfont!
Missing character: There is no – in font nullfont!
Missing character: There is no Ω in font nullfont!
Missing character: There is no – in font nullfont!
Missing character: There is no æ in font nullfont!
Missing character: There is no — in font nullfont!
Missing character: There is no Å in font nullfont!
Missing character: There is no — in font nullfont!
Missing character: There is no Ç in font nullfont!
Missing character: There is no — in font nullfont!
Missing character: There is no å in font nullfont!
Missing character: There is no – in font nullfont!
Missing character: There is no ø in font nullfont!
Missing character: There is no — in font nullfont!
Missing character: There is no Ä in font nullfont!
Missing character: There is no – in font nullfont!
Missing character: There is no æ in font nullfont!
Missing character: There is no – in font nullfont!
Missing character: There is no π in font nullfont!
Missing character: There is no — in font nullfont!
Missing character: There is no Ç in font nullfont!
Missing character: There is no – in font nullfont!
Missing character: There is no ∏ in font nullfont!
Missing character: There is no — in font nullfont!
Missing character: There is no Ç in font nullfont!
Missing character: There is no — in font nullfont!
Missing character: There is no Ä in font nullfont!
Missing character: There is no – in font nullfont!
Missing character: There is no µ in font nullfont!
Missing character: There is no – in font nullfont!
Missing character: There is no Ω in font nullfont!
Missing character: There is no – in font nullfont!
Missing character: There is no ∏ in font nullfont!
Missing character: There is no – in font nullfont!
Missing character: There is no Ω in font nullfont!
Missing character: There is no – in font nullfont!
Missing character: There is no ≥ in font nullfont!
Missing character: There is no – in font nullfont!
Missing character: There is no ∏ in font nullfont!
Missing character: There is no – in font nullfont!
Missing character: There is no Ω in font nullfont!
Missing character: There is no – in font nullfont!
Missing character: There is no ∞ in font nullfont!
Missing character: There is no — in font nullfont!
Missing character: There is no Å in font nullfont!
Missing character: There is no – in font nullfont!
Missing character: There is no ª in font nullfont!
Missing character: There is no – in font nullfont!
Missing character: There is no ∞ in font nullfont!
Missing character: There is no – in font nullfont!
Missing character: There is no ¥ in font nullfont!
Missing character: There is no – in font nullfont!
Missing character: There is no ∏ in font nullfont!
Missing character: There is no — in font nullfont!
Missing character: There is no Ç in font nullfont!
Missing character: There is no — in font nullfont!
Missing character: There is no å in font nullfont!
Missing character: There is no — in font nullfont!
Missing character: There is no Å in font nullfont!
Missing character: There is no — in font nullfont!
Missing character: There is no è in font nullfont!
Missing character: There is no – in font nullfont!
Missing character: There is no ∂ in font nullfont!
Missing character: There is no – in font nullfont!
Missing character: There is no ∏ in font nullfont!
Missing character: There is no – in font nullfont!
Missing character: There is no ∑ in font nullfont!
Missing character: There is no – in font nullfont!
Missing character: There is no Ω in font nullfont!
Missing character: There is no — in font nullfont!
Missing character: There is no å in font nullfont!
Missing character: There is no — in font nullfont!
Missing character: There is no é in font nullfont!
Missing character: There is no , in font nullfont!
Missing character: There is no – in font nullfont!
Missing character: There is no ¥ in font nullfont!
Missing character: There is no – in font nullfont!
Missing character: There is no æ in font nullfont!
Missing character: There is no — in font nullfont!
Missing character: There is no Å in font nullfont!
Missing character: There is no — in font nullfont!
Missing character: There is no Ç in font nullfont!
Missing character: There is no — in font nullfont!
Missing character: There is no É in font nullfont!
Missing character: There is no – in font nullfont!
Missing character: There is no ø in font nullfont!
Missing character: There is no – in font nullfont!
Missing character: There is no Ω in font nullfont!
Missing character: There is no – in font nullfont!
Missing character: There is no æ in font nullfont!
Missing character: There is no – in font nullfont!
Missing character: There is no π in font nullfont!
Missing character: There is no – in font nullfont!
Missing character: There is no µ in font nullfont!
Missing character: There is no – in font nullfont!
Missing character: There is no ¥ in font nullfont!
Missing character: There is no – in font nullfont!
Missing character: There is no ∏ in font nullfont!
Missing character: There is no – in font nullfont!
Missing character: There is no Ω in font nullfont!
Missing character: There is no – in font nullfont!
Missing character: There is no ∏ in font nullfont!
Missing character: There is no — in font nullfont!
Missing character: There is no Ü in font nullfont!
Missing character: There is no – in font nullfont!
Missing character: There is no ∞ in font nullfont!
Missing character: There is no – in font nullfont!
Missing character: There is no º in font nullfont!
Missing character: There is no – in font nullfont!
Missing character: There is no º in font nullfont!
Missing character: There is no — in font nullfont!
Missing character: There is no É in font nullfont!
Missing character: There is no – in font nullfont!
Missing character: There is no ∂ in font nullfont!
Missing character: There is no — in font nullfont!
Missing character: There is no á in font nullfont!
Missing character: There is no – in font nullfont!
Missing character: There is no ∏ in font nullfont!
Missing character: There is no – in font nullfont!
Missing character: There is no Ω in font nullfont!
Missing character: There is no – in font nullfont!
Missing character: There is no Ω in font nullfont!
Missing character: There is no – in font nullfont!
Missing character: There is no ∞ in font nullfont!
Missing character: There is no – in font nullfont!
Missing character: There is no ø in font nullfont!
Missing character: There is no – in font nullfont!
Missing character: There is no ª in font nullfont!
Missing character: There is no – in font nullfont!
Missing character: There is no ∞ in font nullfont!
Missing character: There is no – in font nullfont!
Missing character: There is no Ω in font nullfont!
Missing character: There is no – in font nullfont!
Missing character: There is no µ in font nullfont!
Missing character: There is no — in font nullfont!
Missing character: There is no Ç in font nullfont!
Missing character: There is no – in font nullfont!
Missing character: There is no µ in font nullfont!
Missing character: There is no ! in font nullfont!

Overfull \hbox (20.0pt too wide) in paragraph at lines 12--13
[]
 []

)
*
(Please type a command or say `\end')
*
(Please type a command or say `\end')
*
(Please type a command or say `\end')
*
(Please type a command or say `\end')
*
(Please type a command or say `\end')
*
(Please type a command or say `\end')
*
(Please type a command or say `\end')
*\end

*
Runaway argument?
! Paragraph ended before \end was complete.
<to be read again> 
                   \par 
<*> 
    
? 
(Please type a command or say `\end')
*
(Please type a command or say `\end')
*q

! LaTeX Error: Missing \begin{document}.

See the LaTeX manual or LaTeX Companion for explanation.
Type  H <return>  for immediate help.
 ...                                              
                                                  
<*> q
     
? q
OK, entering \batchmode...
Missing character: There is no q in font nullfont!
! Emergency stop.
<*> q
     
*** (job aborted, no legal \end found)

 
Here is how much of TeX's memory you used:
 5 strings out of 495028
 117 string characters out of 6181497
 45944 words of memory out of 5000000
 3315 multiletter control sequences out of 15000+600000
 3640 words of font info for 14 fonts, out of 8000000 for 9000
 14 hyphenation exceptions out of 8191
 5i,0n,4p,419b,14s stack positions out of 5000i,500n,10000p,200000b,80000s
!  ==> Fatal error occurred, no output PDF file produced!
